[0.756s] Invoking command in '/home/lagushka/KWORK/conveyor/ros2/wifi/src/wifi_package': PYTHONPATH=/home/lagushka/KWORK/conveyor/ros2/wifi/install/wifi_package/lib/python3.8/site-packages:${PYTHONPATH} /usr/bin/python3 setup.py egg_info --egg-base ../../build/wifi_package build --build-base /home/lagushka/KWORK/conveyor/ros2/wifi/build/wifi_package/build install --prefix /home/lagushka/KWORK/conveyor/ros2/wifi/install/wifi_package --record /home/lagushka/KWORK/conveyor/ros2/wifi/build/wifi_package/install.log --single-version-externally-managed
[1.006s] running egg_info
[1.006s] writing ../../build/wifi_package/wifi_package.egg-info/PKG-INFO
[1.006s] writing dependency_links to ../../build/wifi_package/wifi_package.egg-info/dependency_links.txt
[1.007s] writing entry points to ../../build/wifi_package/wifi_package.egg-info/entry_points.txt
[1.007s] writing requirements to ../../build/wifi_package/wifi_package.egg-info/requires.txt
[1.007s] writing top-level names to ../../build/wifi_package/wifi_package.egg-info/top_level.txt
[1.047s] reading manifest file '../../build/wifi_package/wifi_package.egg-info/SOURCES.txt'
[1.048s] writing manifest file '../../build/wifi_package/wifi_package.egg-info/SOURCES.txt'
[1.048s] running build
[1.048s] running build_py
[1.048s] running install
[1.049s] running install_lib
[1.051s] running install_data
[1.052s] running install_egg_info
[1.053s] removing '/home/lagushka/KWORK/conveyor/ros2/wifi/install/wifi_package/lib/python3.8/site-packages/wifi_package-0.0.0-py3.8.egg-info' (and everything under it)
[1.054s] Copying ../../build/wifi_package/wifi_package.egg-info to /home/lagushka/KWORK/conveyor/ros2/wifi/install/wifi_package/lib/python3.8/site-packages/wifi_package-0.0.0-py3.8.egg-info
[1.054s] running install_scripts
[1.073s] Installing wifi_node script to /home/lagushka/KWORK/conveyor/ros2/wifi/install/wifi_package/lib/wifi_package
[1.074s] writing list of installed files to '/home/lagushka/KWORK/conveyor/ros2/wifi/build/wifi_package/install.log'
[1.102s] Invoked command in '/home/lagushka/KWORK/conveyor/ros2/wifi/src/wifi_package' returned '0': PYTHONPATH=/home/lagushka/KWORK/conveyor/ros2/wifi/install/wifi_package/lib/python3.8/site-packages:${PYTHONPATH} /usr/bin/python3 setup.py egg_info --egg-base ../../build/wifi_package build --build-base /home/lagushka/KWORK/conveyor/ros2/wifi/build/wifi_package/build install --prefix /home/lagushka/KWORK/conveyor/ros2/wifi/install/wifi_package --record /home/lagushka/KWORK/conveyor/ros2/wifi/build/wifi_package/install.log --single-version-externally-managed
