[0.740s] Invoking command in '/home/lagushka/KWORK/conveyor/ros2/conveyor/src/conveyor_package': PYTHONPATH=/home/lagushka/KWORK/conveyor/ros2/conveyor/install/conveyor_package/lib/python3.8/site-packages:${PYTHONPATH} /usr/bin/python3 setup.py egg_info --egg-base ../../build/conveyor_package build --build-base /home/lagushka/KWORK/conveyor/ros2/conveyor/build/conveyor_package/build install --prefix /home/lagushka/KWORK/conveyor/ros2/conveyor/install/conveyor_package --record /home/lagushka/KWORK/conveyor/ros2/conveyor/build/conveyor_package/install.log --single-version-externally-managed
[0.995s] running egg_info
[0.996s] writing ../../build/conveyor_package/conveyor_package.egg-info/PKG-INFO
[0.996s] writing dependency_links to ../../build/conveyor_package/conveyor_package.egg-info/dependency_links.txt
[0.996s] writing entry points to ../../build/conveyor_package/conveyor_package.egg-info/entry_points.txt
[0.997s] writing requirements to ../../build/conveyor_package/conveyor_package.egg-info/requires.txt
[0.997s] writing top-level names to ../../build/conveyor_package/conveyor_package.egg-info/top_level.txt
[1.035s] reading manifest file '../../build/conveyor_package/conveyor_package.egg-info/SOURCES.txt'
[1.036s] writing manifest file '../../build/conveyor_package/conveyor_package.egg-info/SOURCES.txt'
[1.036s] running build
[1.036s] running build_py
[1.037s] copying conveyor_package/conveyor_node.py -> /home/lagushka/KWORK/conveyor/ros2/conveyor/build/conveyor_package/build/lib/conveyor_package
[1.037s] running install
[1.038s] running install_lib
[1.039s] copying /home/lagushka/KWORK/conveyor/ros2/conveyor/build/conveyor_package/build/lib/conveyor_package/conveyor_node.py -> /home/lagushka/KWORK/conveyor/ros2/conveyor/install/conveyor_package/lib/python3.8/site-packages/conveyor_package
[1.039s] byte-compiling /home/lagushka/KWORK/conveyor/ros2/conveyor/install/conveyor_package/lib/python3.8/site-packages/conveyor_package/conveyor_node.py to conveyor_node.cpython-38.pyc
[1.041s] running install_data
[1.042s] running install_egg_info
[1.043s] removing '/home/lagushka/KWORK/conveyor/ros2/conveyor/install/conveyor_package/lib/python3.8/site-packages/conveyor_package-0.0.0-py3.8.egg-info' (and everything under it)
[1.044s] Copying ../../build/conveyor_package/conveyor_package.egg-info to /home/lagushka/KWORK/conveyor/ros2/conveyor/install/conveyor_package/lib/python3.8/site-packages/conveyor_package-0.0.0-py3.8.egg-info
[1.044s] running install_scripts
[1.064s] Installing conveyor_node script to /home/lagushka/KWORK/conveyor/ros2/conveyor/install/conveyor_package/lib/conveyor_package
[1.065s] writing list of installed files to '/home/lagushka/KWORK/conveyor/ros2/conveyor/build/conveyor_package/install.log'
[1.089s] Invoked command in '/home/lagushka/KWORK/conveyor/ros2/conveyor/src/conveyor_package' returned '0': PYTHONPATH=/home/lagushka/KWORK/conveyor/ros2/conveyor/install/conveyor_package/lib/python3.8/site-packages:${PYTHONPATH} /usr/bin/python3 setup.py egg_info --egg-base ../../build/conveyor_package build --build-base /home/lagushka/KWORK/conveyor/ros2/conveyor/build/conveyor_package/build install --prefix /home/lagushka/KWORK/conveyor/ros2/conveyor/install/conveyor_package --record /home/lagushka/KWORK/conveyor/ros2/conveyor/build/conveyor_package/install.log --single-version-externally-managed
