[0.632s] Invoking command in '/home/lagushka/KWORK/conveyor/ros2/wifi/src/wifi_package': PYTHONPATH=/home/lagushka/KWORK/conveyor/ros2/wifi/install/wifi_package/lib/python3.8/site-packages:${PYTHONPATH} /usr/bin/python3 setup.py egg_info --egg-base ../../build/wifi_package build --build-base /home/lagushka/KWORK/conveyor/ros2/wifi/build/wifi_package/build install --prefix /home/lagushka/KWORK/conveyor/ros2/wifi/install/wifi_package --record /home/lagushka/KWORK/conveyor/ros2/wifi/build/wifi_package/install.log --single-version-externally-managed
[0.847s] running egg_info
[0.847s] writing ../../build/wifi_package/wifi_package.egg-info/PKG-INFO
[0.848s] writing dependency_links to ../../build/wifi_package/wifi_package.egg-info/dependency_links.txt
[0.848s] writing entry points to ../../build/wifi_package/wifi_package.egg-info/entry_points.txt
[0.848s] writing requirements to ../../build/wifi_package/wifi_package.egg-info/requires.txt
[0.848s] writing top-level names to ../../build/wifi_package/wifi_package.egg-info/top_level.txt
[0.881s] reading manifest file '../../build/wifi_package/wifi_package.egg-info/SOURCES.txt'
[0.882s] writing manifest file '../../build/wifi_package/wifi_package.egg-info/SOURCES.txt'
[0.882s] running build
[0.882s] running build_py
[0.883s] copying wifi_package/wifi_node.py -> /home/lagushka/KWORK/conveyor/ros2/wifi/build/wifi_package/build/lib/wifi_package
[0.883s] running install
[0.883s] running install_lib
[0.884s] copying /home/lagushka/KWORK/conveyor/ros2/wifi/build/wifi_package/build/lib/wifi_package/wifi_node.py -> /home/lagushka/KWORK/conveyor/ros2/wifi/install/wifi_package/lib/python3.8/site-packages/wifi_package
[0.885s] byte-compiling /home/lagushka/KWORK/conveyor/ros2/wifi/install/wifi_package/lib/python3.8/site-packages/wifi_package/wifi_node.py to wifi_node.cpython-38.pyc
[0.886s] running install_data
[0.887s] running install_egg_info
[0.888s] removing '/home/lagushka/KWORK/conveyor/ros2/wifi/install/wifi_package/lib/python3.8/site-packages/wifi_package-0.0.0-py3.8.egg-info' (and everything under it)
[0.888s] Copying ../../build/wifi_package/wifi_package.egg-info to /home/lagushka/KWORK/conveyor/ros2/wifi/install/wifi_package/lib/python3.8/site-packages/wifi_package-0.0.0-py3.8.egg-info
[0.889s] running install_scripts
[0.906s] Installing wifi_node script to /home/lagushka/KWORK/conveyor/ros2/wifi/install/wifi_package/lib/wifi_package
[0.906s] writing list of installed files to '/home/lagushka/KWORK/conveyor/ros2/wifi/build/wifi_package/install.log'
[0.928s] Invoked command in '/home/lagushka/KWORK/conveyor/ros2/wifi/src/wifi_package' returned '0': PYTHONPATH=/home/lagushka/KWORK/conveyor/ros2/wifi/install/wifi_package/lib/python3.8/site-packages:${PYTHONPATH} /usr/bin/python3 setup.py egg_info --egg-base ../../build/wifi_package build --build-base /home/lagushka/KWORK/conveyor/ros2/wifi/build/wifi_package/build install --prefix /home/lagushka/KWORK/conveyor/ros2/wifi/install/wifi_package --record /home/lagushka/KWORK/conveyor/ros2/wifi/build/wifi_package/install.log --single-version-externally-managed
