[0.744s] Invoking command in '/home/lagushka/KWORK/conveyor/ros2/opencv/src/opencv_package': PYTHONPATH=/home/lagushka/KWORK/conveyor/ros2/opencv/install/opencv_package/lib/python3.8/site-packages:${PYTHONPATH} /usr/bin/python3 setup.py egg_info --egg-base ../../build/opencv_package build --build-base /home/lagushka/KWORK/conveyor/ros2/opencv/build/opencv_package/build install --prefix /home/lagushka/KWORK/conveyor/ros2/opencv/install/opencv_package --record /home/lagushka/KWORK/conveyor/ros2/opencv/build/opencv_package/install.log --single-version-externally-managed
[0.982s] running egg_info
[0.982s] creating ../../build/opencv_package/opencv_package.egg-info
[0.983s] writing ../../build/opencv_package/opencv_package.egg-info/PKG-INFO
[0.983s] writing dependency_links to ../../build/opencv_package/opencv_package.egg-info/dependency_links.txt
[0.983s] writing entry points to ../../build/opencv_package/opencv_package.egg-info/entry_points.txt
[0.983s] writing requirements to ../../build/opencv_package/opencv_package.egg-info/requires.txt
[0.983s] writing top-level names to ../../build/opencv_package/opencv_package.egg-info/top_level.txt
[0.993s] writing manifest file '../../build/opencv_package/opencv_package.egg-info/SOURCES.txt'
[1.032s] reading manifest file '../../build/opencv_package/opencv_package.egg-info/SOURCES.txt'
[1.032s] writing manifest file '../../build/opencv_package/opencv_package.egg-info/SOURCES.txt'
[1.033s] running build
[1.033s] running build_py
[1.033s] creating /home/lagushka/KWORK/conveyor/ros2/opencv/build/opencv_package/build
[1.033s] creating /home/lagushka/KWORK/conveyor/ros2/opencv/build/opencv_package/build/lib
[1.033s] creating /home/lagushka/KWORK/conveyor/ros2/opencv/build/opencv_package/build/lib/opencv_package
[1.034s] copying opencv_package/__init__.py -> /home/lagushka/KWORK/conveyor/ros2/opencv/build/opencv_package/build/lib/opencv_package
[1.034s] copying opencv_package/opencv_node.py -> /home/lagushka/KWORK/conveyor/ros2/opencv/build/opencv_package/build/lib/opencv_package
[1.034s] running install
[1.034s] running install_lib
[1.035s] creating /home/lagushka/KWORK/conveyor/ros2/opencv/install/opencv_package/lib/python3.8/site-packages/opencv_package
[1.035s] copying /home/lagushka/KWORK/conveyor/ros2/opencv/build/opencv_package/build/lib/opencv_package/__init__.py -> /home/lagushka/KWORK/conveyor/ros2/opencv/install/opencv_package/lib/python3.8/site-packages/opencv_package
[1.035s] copying /home/lagushka/KWORK/conveyor/ros2/opencv/build/opencv_package/build/lib/opencv_package/opencv_node.py -> /home/lagushka/KWORK/conveyor/ros2/opencv/install/opencv_package/lib/python3.8/site-packages/opencv_package
[1.036s] byte-compiling /home/lagushka/KWORK/conveyor/ros2/opencv/install/opencv_package/lib/python3.8/site-packages/opencv_package/__init__.py to __init__.cpython-38.pyc
[1.037s] byte-compiling /home/lagushka/KWORK/conveyor/ros2/opencv/install/opencv_package/lib/python3.8/site-packages/opencv_package/opencv_node.py to opencv_node.cpython-38.pyc
[1.040s] running install_data
[1.040s] creating /home/lagushka/KWORK/conveyor/ros2/opencv/install/opencv_package/share/ament_index
[1.041s] creating /home/lagushka/KWORK/conveyor/ros2/opencv/install/opencv_package/share/ament_index/resource_index
[1.041s] creating /home/lagushka/KWORK/conveyor/ros2/opencv/install/opencv_package/share/ament_index/resource_index/packages
[1.041s] copying resource/opencv_package -> /home/lagushka/KWORK/conveyor/ros2/opencv/install/opencv_package/share/ament_index/resource_index/packages
[1.041s] copying package.xml -> /home/lagushka/KWORK/conveyor/ros2/opencv/install/opencv_package/share/opencv_package
[1.041s] running install_egg_info
[1.042s] Copying ../../build/opencv_package/opencv_package.egg-info to /home/lagushka/KWORK/conveyor/ros2/opencv/install/opencv_package/lib/python3.8/site-packages/opencv_package-0.0.0-py3.8.egg-info
[1.043s] running install_scripts
[1.062s] writing list of installed files to '/home/lagushka/KWORK/conveyor/ros2/opencv/build/opencv_package/install.log'
[1.085s] Invoked command in '/home/lagushka/KWORK/conveyor/ros2/opencv/src/opencv_package' returned '0': PYTHONPATH=/home/lagushka/KWORK/conveyor/ros2/opencv/install/opencv_package/lib/python3.8/site-packages:${PYTHONPATH} /usr/bin/python3 setup.py egg_info --egg-base ../../build/opencv_package build --build-base /home/lagushka/KWORK/conveyor/ros2/opencv/build/opencv_package/build install --prefix /home/lagushka/KWORK/conveyor/ros2/opencv/install/opencv_package --record /home/lagushka/KWORK/conveyor/ros2/opencv/build/opencv_package/install.log --single-version-externally-managed
