[0.738s] Invoking command in '/home/lagushka/KWORK/conveyor/ros2/motor/src/motor_package': PYTHONPATH=/home/lagushka/KWORK/conveyor/ros2/motor/install/motor_package/lib/python3.8/site-packages:${PYTHONPATH} /usr/bin/python3 setup.py egg_info --egg-base ../../build/motor_package build --build-base /home/lagushka/KWORK/conveyor/ros2/motor/build/motor_package/build install --prefix /home/lagushka/KWORK/conveyor/ros2/motor/install/motor_package --record /home/lagushka/KWORK/conveyor/ros2/motor/build/motor_package/install.log --single-version-externally-managed
[0.971s] running egg_info
[0.971s] writing ../../build/motor_package/motor_package.egg-info/PKG-INFO
[0.972s] writing dependency_links to ../../build/motor_package/motor_package.egg-info/dependency_links.txt
[0.972s] writing entry points to ../../build/motor_package/motor_package.egg-info/entry_points.txt
[0.972s] writing requirements to ../../build/motor_package/motor_package.egg-info/requires.txt
[0.972s] writing top-level names to ../../build/motor_package/motor_package.egg-info/top_level.txt
[1.007s] reading manifest file '../../build/motor_package/motor_package.egg-info/SOURCES.txt'
[1.008s] writing manifest file '../../build/motor_package/motor_package.egg-info/SOURCES.txt'
[1.008s] running build
[1.008s] running build_py
[1.008s] copying motor_package/motor_node.py -> /home/lagushka/KWORK/conveyor/ros2/motor/build/motor_package/build/lib/motor_package
[1.008s] running install
[1.009s] running install_lib
[1.010s] copying /home/lagushka/KWORK/conveyor/ros2/motor/build/motor_package/build/lib/motor_package/motor_node.py -> /home/lagushka/KWORK/conveyor/ros2/motor/install/motor_package/lib/python3.8/site-packages/motor_package
[1.010s] byte-compiling /home/lagushka/KWORK/conveyor/ros2/motor/install/motor_package/lib/python3.8/site-packages/motor_package/motor_node.py to motor_node.cpython-38.pyc
[1.012s] running install_data
[1.012s] running install_egg_info
[1.014s] removing '/home/lagushka/KWORK/conveyor/ros2/motor/install/motor_package/lib/python3.8/site-packages/motor_package-0.0.0-py3.8.egg-info' (and everything under it)
[1.014s] Copying ../../build/motor_package/motor_package.egg-info to /home/lagushka/KWORK/conveyor/ros2/motor/install/motor_package/lib/python3.8/site-packages/motor_package-0.0.0-py3.8.egg-info
[1.015s] running install_scripts
[1.033s] Installing motor_node script to /home/lagushka/KWORK/conveyor/ros2/motor/install/motor_package/lib/motor_package
[1.033s] writing list of installed files to '/home/lagushka/KWORK/conveyor/ros2/motor/build/motor_package/install.log'
[1.056s] Invoked command in '/home/lagushka/KWORK/conveyor/ros2/motor/src/motor_package' returned '0': PYTHONPATH=/home/lagushka/KWORK/conveyor/ros2/motor/install/motor_package/lib/python3.8/site-packages:${PYTHONPATH} /usr/bin/python3 setup.py egg_info --egg-base ../../build/motor_package build --build-base /home/lagushka/KWORK/conveyor/ros2/motor/build/motor_package/build install --prefix /home/lagushka/KWORK/conveyor/ros2/motor/install/motor_package --record /home/lagushka/KWORK/conveyor/ros2/motor/build/motor_package/install.log --single-version-externally-managed
