[0.712s] Invoking command in '/home/lagushka/KWORK/conveyor/ros2/conveyor/src/conveyor_package': PYTHONPATH=/home/lagushka/KWORK/conveyor/ros2/conveyor/install/conveyor_package/lib/python3.8/site-packages:${PYTHONPATH} /usr/bin/python3 setup.py egg_info --egg-base ../../build/conveyor_package build --build-base /home/lagushka/KWORK/conveyor/ros2/conveyor/build/conveyor_package/build install --prefix /home/lagushka/KWORK/conveyor/ros2/conveyor/install/conveyor_package --record /home/lagushka/KWORK/conveyor/ros2/conveyor/build/conveyor_package/install.log --single-version-externally-managed
[0.959s] running egg_info
[0.959s] writing ../../build/conveyor_package/conveyor_package.egg-info/PKG-INFO
[0.960s] writing dependency_links to ../../build/conveyor_package/conveyor_package.egg-info/dependency_links.txt
[0.960s] writing entry points to ../../build/conveyor_package/conveyor_package.egg-info/entry_points.txt
[0.960s] writing requirements to ../../build/conveyor_package/conveyor_package.egg-info/requires.txt
[0.960s] writing top-level names to ../../build/conveyor_package/conveyor_package.egg-info/top_level.txt
[0.997s] reading manifest file '../../build/conveyor_package/conveyor_package.egg-info/SOURCES.txt'
[0.998s] writing manifest file '../../build/conveyor_package/conveyor_package.egg-info/SOURCES.txt'
[0.998s] running build
[0.998s] running build_py
[0.998s] copying conveyor_package/conveyor_node.py -> /home/lagushka/KWORK/conveyor/ros2/conveyor/build/conveyor_package/build/lib/conveyor_package
[0.998s] running install
[1.000s] running install_lib
[1.001s] copying /home/lagushka/KWORK/conveyor/ros2/conveyor/build/conveyor_package/build/lib/conveyor_package/conveyor_node.py -> /home/lagushka/KWORK/conveyor/ros2/conveyor/install/conveyor_package/lib/python3.8/site-packages/conveyor_package
[1.001s] byte-compiling /home/lagushka/KWORK/conveyor/ros2/conveyor/install/conveyor_package/lib/python3.8/site-packages/conveyor_package/conveyor_node.py to conveyor_node.cpython-38.pyc
[1.003s] running install_data
[1.003s] running install_egg_info
[1.005s] removing '/home/lagushka/KWORK/conveyor/ros2/conveyor/install/conveyor_package/lib/python3.8/site-packages/conveyor_package-0.0.0-py3.8.egg-info' (and everything under it)
[1.005s] Copying ../../build/conveyor_package/conveyor_package.egg-info to /home/lagushka/KWORK/conveyor/ros2/conveyor/install/conveyor_package/lib/python3.8/site-packages/conveyor_package-0.0.0-py3.8.egg-info
[1.006s] running install_scripts
[1.026s] Installing conveyor_node script to /home/lagushka/KWORK/conveyor/ros2/conveyor/install/conveyor_package/lib/conveyor_package
[1.027s] writing list of installed files to '/home/lagushka/KWORK/conveyor/ros2/conveyor/build/conveyor_package/install.log'
[1.054s] Invoked command in '/home/lagushka/KWORK/conveyor/ros2/conveyor/src/conveyor_package' returned '0': PYTHONPATH=/home/lagushka/KWORK/conveyor/ros2/conveyor/install/conveyor_package/lib/python3.8/site-packages:${PYTHONPATH} /usr/bin/python3 setup.py egg_info --egg-base ../../build/conveyor_package build --build-base /home/lagushka/KWORK/conveyor/ros2/conveyor/build/conveyor_package/build install --prefix /home/lagushka/KWORK/conveyor/ros2/conveyor/install/conveyor_package --record /home/lagushka/KWORK/conveyor/ros2/conveyor/build/conveyor_package/install.log --single-version-externally-managed
