[0.172s] DEBUG:colcon:Command line arguments: ['/usr/bin/colcon', 'build']
[0.172s] DEBUG:colcon:Parsed command line arguments: Namespace(allow_overriding=[], ament_cmake_args=None, base_paths=['.'], build_base='build', catkin_cmake_args=None, catkin_skip_building_tests=False, cmake_args=None, cmake_clean_cache=False, cmake_clean_first=False, cmake_force_configure=False, cmake_target=None, cmake_target_skip_unavailable=False, continue_on_error=False, event_handlers=None, executor='parallel', ignore_user_meta=False, install_base='install', log_base=None, log_level=None, main=<bound method BuildVerb.main of <colcon_core.verb.build.BuildVerb object at 0x7f299188b640>>, merge_install=False, metas=['./colcon.meta'], packages_above=None, packages_above_and_dependencies=None, packages_above_depth=None, packages_end=None, packages_ignore=None, packages_ignore_regex=None, packages_select=None, packages_select_build_failed=False, packages_select_by_dep=None, packages_select_regex=None, packages_select_test_failures=False, packages_skip=None, packages_skip_build_finished=False, packages_skip_by_dep=None, packages_skip_regex=None, packages_skip_test_passed=False, packages_skip_up_to=None, packages_start=None, packages_up_to=None, packages_up_to_regex=None, parallel_workers=8, paths=None, symlink_install=False, test_result_base=None, verb_extension=<colcon_core.verb.build.BuildVerb object at 0x7f299188b640>, verb_name='build', verb_parser=<colcon_defaults.argument_parser.defaults.DefaultArgumentsDecorator object at 0x7f299188bb80>)
[0.201s] Level 1:colcon.colcon_core.package_discovery:discover_packages(colcon_meta) check parameters
[0.202s] Level 1:colcon.colcon_core.package_discovery:discover_packages(recursive) check parameters
[0.202s] Level 1:colcon.colcon_core.package_discovery:discover_packages(ignore) check parameters
[0.202s] Level 1:colcon.colcon_core.package_discovery:discover_packages(path) check parameters
[0.202s] Level 1:colcon.colcon_core.package_discovery:discover_packages(colcon_meta) discover
[0.202s] Level 1:colcon.colcon_core.package_discovery:discover_packages(recursive) discover
[0.202s] INFO:colcon.colcon_core.package_discovery:Crawling recursively for packages in '/home/lagushka/KWORK/conveyor/ros2/conveyor'
[0.202s] Level 1:colcon.colcon_core.package_identification:_identify(.) by extensions ['ignore', 'ignore_ament_install']
[0.202s] Level 1:colcon.colcon_core.package_identification:_identify(.) by extension 'ignore'
[0.202s] Level 1:colcon.colcon_core.package_identification:_identify(.) by extension 'ignore_ament_install'
[0.202s] Level 1:colcon.colcon_core.package_identification:_identify(.) by extensions ['colcon_pkg']
[0.202s] Level 1:colcon.colcon_core.package_identification:_identify(.) by extension 'colcon_pkg'
[0.203s] Level 1:colcon.colcon_core.package_identification:_identify(.) by extensions ['colcon_meta']
[0.203s] Level 1:colcon.colcon_core.package_identification:_identify(.) by extension 'colcon_meta'
[0.203s] Level 1:colcon.colcon_core.package_identification:_identify(.) by extensions ['ros']
[0.203s] Level 1:colcon.colcon_core.package_identification:_identify(.) by extension 'ros'
[0.215s] Level 1:colcon.colcon_core.package_identification:_identify(.) by extensions ['cmake', 'python']
[0.216s] Level 1:colcon.colcon_core.package_identification:_identify(.) by extension 'cmake'
[0.216s] Level 1:colcon.colcon_core.package_identification:_identify(.) by extension 'python'
[0.216s] Level 1:colcon.colcon_core.package_identification:_identify(.) by extensions ['python_setup_py']
[0.216s] Level 1:colcon.colcon_core.package_identification:_identify(.) by extension 'python_setup_py'
[0.216s] Level 1:colcon.colcon_core.package_identification:_identify(build) by extensions ['ignore', 'ignore_ament_install']
[0.216s] Level 1:colcon.colcon_core.package_identification:_identify(build) by extension 'ignore'
[0.216s] Level 1:colcon.colcon_core.package_identification:_identify(build) ignored
[0.216s] Level 1:colcon.colcon_core.package_identification:_identify(install) by extensions ['ignore', 'ignore_ament_install']
[0.216s] Level 1:colcon.colcon_core.package_identification:_identify(install) by extension 'ignore'
[0.217s] Level 1:colcon.colcon_core.package_identification:_identify(install) ignored
[0.217s] Level 1:colcon.colcon_core.package_identification:_identify(log) by extensions ['ignore', 'ignore_ament_install']
[0.217s] Level 1:colcon.colcon_core.package_identification:_identify(log) by extension 'ignore'
[0.217s] Level 1:colcon.colcon_core.package_identification:_identify(log) ignored
[0.217s] Level 1:colcon.colcon_core.package_identification:_identify(src) by extensions ['ignore', 'ignore_ament_install']
[0.217s] Level 1:colcon.colcon_core.package_identification:_identify(src) by extension 'ignore'
[0.217s] Level 1:colcon.colcon_core.package_identification:_identify(src) by extension 'ignore_ament_install'
[0.217s] Level 1:colcon.colcon_core.package_identification:_identify(src) by extensions ['colcon_pkg']
[0.217s] Level 1:colcon.colcon_core.package_identification:_identify(src) by extension 'colcon_pkg'
[0.217s] Level 1:colcon.colcon_core.package_identification:_identify(src) by extensions ['colcon_meta']
[0.217s] Level 1:colcon.colcon_core.package_identification:_identify(src) by extension 'colcon_meta'
[0.217s] Level 1:colcon.colcon_core.package_identification:_identify(src) by extensions ['ros']
[0.217s] Level 1:colcon.colcon_core.package_identification:_identify(src) by extension 'ros'
[0.217s] Level 1:colcon.colcon_core.package_identification:_identify(src) by extensions ['cmake', 'python']
[0.217s] Level 1:colcon.colcon_core.package_identification:_identify(src) by extension 'cmake'
[0.218s] Level 1:colcon.colcon_core.package_identification:_identify(src) by extension 'python'
[0.218s] Level 1:colcon.colcon_core.package_identification:_identify(src) by extensions ['python_setup_py']
[0.218s] Level 1:colcon.colcon_core.package_identification:_identify(src) by extension 'python_setup_py'
[0.218s] Level 1:colcon.colcon_core.package_identification:_identify(src/conveyor_package) by extensions ['ignore', 'ignore_ament_install']
[0.218s] Level 1:colcon.colcon_core.package_identification:_identify(src/conveyor_package) by extension 'ignore'
[0.218s] Level 1:colcon.colcon_core.package_identification:_identify(src/conveyor_package) by extension 'ignore_ament_install'
[0.218s] Level 1:colcon.colcon_core.package_identification:_identify(src/conveyor_package) by extensions ['colcon_pkg']
[0.218s] Level 1:colcon.colcon_core.package_identification:_identify(src/conveyor_package) by extension 'colcon_pkg'
[0.218s] Level 1:colcon.colcon_core.package_identification:_identify(src/conveyor_package) by extensions ['colcon_meta']
[0.218s] Level 1:colcon.colcon_core.package_identification:_identify(src/conveyor_package) by extension 'colcon_meta'
[0.218s] Level 1:colcon.colcon_core.package_identification:_identify(src/conveyor_package) by extensions ['ros']
[0.218s] Level 1:colcon.colcon_core.package_identification:_identify(src/conveyor_package) by extension 'ros'
[0.221s] DEBUG:colcon.colcon_core.package_identification:Package 'src/conveyor_package' with type 'ros.ament_python' and name 'conveyor_package'
[0.221s] Level 1:colcon.colcon_core.package_discovery:discover_packages(recursive) using defaults
[0.221s] Level 1:colcon.colcon_core.package_discovery:discover_packages(ignore) discover
[0.221s] Level 1:colcon.colcon_core.package_discovery:discover_packages(ignore) using defaults
[0.221s] Level 1:colcon.colcon_core.package_discovery:discover_packages(path) discover
[0.221s] Level 1:colcon.colcon_core.package_discovery:discover_packages(path) using defaults
[0.261s] Level 1:colcon.colcon_core.package_discovery:discover_packages(prefix_path) check parameters
[0.261s] Level 1:colcon.colcon_core.package_discovery:discover_packages(prefix_path) discover
[0.265s] DEBUG:colcon.colcon_installed_package_information.package_discovery:Found 1 installed packages in /home/lagushka/KWORK/conveyor/ros2/conveyor/install
[0.266s] DEBUG:colcon.colcon_installed_package_information.package_discovery:Found 1 installed packages in /home/lagushka/KWORK/conveyor/ros2/wifi/install
[0.268s] DEBUG:colcon.colcon_installed_package_information.package_discovery:Found 1 installed packages in /home/lagushka/KWORK/conveyor/ros2/motor/install
[0.270s] DEBUG:colcon.colcon_installed_package_information.package_discovery:Found 263 installed packages in /opt/ros/foxy
[0.272s] Level 1:colcon.colcon_core.package_discovery:discover_packages(prefix_path) using defaults
[0.360s] Level 5:colcon.colcon_core.verb:set package 'conveyor_package' build argument 'cmake_args' from command line to 'None'
[0.360s] Level 5:colcon.colcon_core.verb:set package 'conveyor_package' build argument 'cmake_target' from command line to 'None'
[0.360s] Level 5:colcon.colcon_core.verb:set package 'conveyor_package' build argument 'cmake_target_skip_unavailable' from command line to 'False'
[0.360s] Level 5:colcon.colcon_core.verb:set package 'conveyor_package' build argument 'cmake_clean_cache' from command line to 'False'
[0.360s] Level 5:colcon.colcon_core.verb:set package 'conveyor_package' build argument 'cmake_clean_first' from command line to 'False'
[0.360s] Level 5:colcon.colcon_core.verb:set package 'conveyor_package' build argument 'cmake_force_configure' from command line to 'False'
[0.360s] Level 5:colcon.colcon_core.verb:set package 'conveyor_package' build argument 'ament_cmake_args' from command line to 'None'
[0.360s] Level 5:colcon.colcon_core.verb:set package 'conveyor_package' build argument 'catkin_cmake_args' from command line to 'None'
[0.360s] Level 5:colcon.colcon_core.verb:set package 'conveyor_package' build argument 'catkin_skip_building_tests' from command line to 'False'
[0.360s] DEBUG:colcon.colcon_core.verb:Building package 'conveyor_package' with the following arguments: {'ament_cmake_args': None, 'build_base': '/home/lagushka/KWORK/conveyor/ros2/conveyor/build/conveyor_package', 'catkin_cmake_args': None, 'catkin_skip_building_tests': False, 'cmake_args': None, 'cmake_clean_cache': False, 'cmake_clean_first': False, 'cmake_force_configure': False, 'cmake_target': None, 'cmake_target_skip_unavailable': False, 'install_base': '/home/lagushka/KWORK/conveyor/ros2/conveyor/install/conveyor_package', 'merge_install': False, 'path': '/home/lagushka/KWORK/conveyor/ros2/conveyor/src/conveyor_package', 'symlink_install': False, 'test_result_base': None}
[0.361s] INFO:colcon.colcon_core.executor:Executing jobs using 'parallel' executor
[0.367s] DEBUG:colcon.colcon_parallel_executor.executor.parallel:run_until_complete
[0.368s] INFO:colcon.colcon_ros.task.ament_python.build:Building ROS package in '/home/lagushka/KWORK/conveyor/ros2/conveyor/src/conveyor_package' with build type 'ament_python'
[0.368s] Level 1:colcon.colcon_core.shell:create_environment_hook('conveyor_package', 'ament_prefix_path')
[0.374s] INFO:colcon.colcon_core.plugin_system:Skipping extension 'colcon_core.shell.bat': Not used on non-Windows systems
[0.374s] INFO:colcon.colcon_core.shell:Creating environment hook '/home/lagushka/KWORK/conveyor/ros2/conveyor/install/conveyor_package/share/conveyor_package/hook/ament_prefix_path.ps1'
[0.375s] INFO:colcon.colcon_core.shell:Creating environment descriptor '/home/lagushka/KWORK/conveyor/ros2/conveyor/install/conveyor_package/share/conveyor_package/hook/ament_prefix_path.dsv'
[0.375s] INFO:colcon.colcon_core.shell:Creating environment hook '/home/lagushka/KWORK/conveyor/ros2/conveyor/install/conveyor_package/share/conveyor_package/hook/ament_prefix_path.sh'
[0.377s] INFO:colcon.colcon_core.shell:Skip shell extension 'powershell' for command environment: Not usable outside of PowerShell
[0.377s] DEBUG:colcon.colcon_core.shell:Skip shell extension 'dsv' for command environment
[0.651s] INFO:colcon.colcon_core.task.python.build:Building Python package in '/home/lagushka/KWORK/conveyor/ros2/conveyor/src/conveyor_package'
[0.654s] INFO:colcon.colcon_core.shell:Skip shell extension 'powershell' for command environment: Not usable outside of PowerShell
[0.654s] DEBUG:colcon.colcon_core.shell:Skip shell extension 'dsv' for command environment
[1.112s] DEBUG:colcon.colcon_core.event_handler.log_command:Invoking command in '/home/lagushka/KWORK/conveyor/ros2/conveyor/src/conveyor_package': PYTHONPATH=/home/lagushka/KWORK/conveyor/ros2/conveyor/install/conveyor_package/lib/python3.8/site-packages:${PYTHONPATH} /usr/bin/python3 setup.py egg_info --egg-base ../../build/conveyor_package build --build-base /home/lagushka/KWORK/conveyor/ros2/conveyor/build/conveyor_package/build install --prefix /home/lagushka/KWORK/conveyor/ros2/conveyor/install/conveyor_package --record /home/lagushka/KWORK/conveyor/ros2/conveyor/build/conveyor_package/install.log --single-version-externally-managed
[1.464s] DEBUG:colcon.colcon_core.event_handler.log_command:Invoked command in '/home/lagushka/KWORK/conveyor/ros2/conveyor/src/conveyor_package' returned '0': PYTHONPATH=/home/lagushka/KWORK/conveyor/ros2/conveyor/install/conveyor_package/lib/python3.8/site-packages:${PYTHONPATH} /usr/bin/python3 setup.py egg_info --egg-base ../../build/conveyor_package build --build-base /home/lagushka/KWORK/conveyor/ros2/conveyor/build/conveyor_package/build install --prefix /home/lagushka/KWORK/conveyor/ros2/conveyor/install/conveyor_package --record /home/lagushka/KWORK/conveyor/ros2/conveyor/build/conveyor_package/install.log --single-version-externally-managed
[1.472s] Level 1:colcon.colcon_core.environment:checking '/home/lagushka/KWORK/conveyor/ros2/conveyor/install/conveyor_package' for CMake module files
[1.473s] Level 1:colcon.colcon_core.environment:checking '/home/lagushka/KWORK/conveyor/ros2/conveyor/install/conveyor_package' for CMake config files
[1.473s] Level 1:colcon.colcon_core.environment:checking '/home/lagushka/KWORK/conveyor/ros2/conveyor/install/conveyor_package/lib'
[1.474s] Level 1:colcon.colcon_core.environment:checking '/home/lagushka/KWORK/conveyor/ros2/conveyor/install/conveyor_package/bin'
[1.474s] Level 1:colcon.colcon_core.environment:checking '/home/lagushka/KWORK/conveyor/ros2/conveyor/install/conveyor_package/lib/pkgconfig/conveyor_package.pc'
[1.474s] Level 1:colcon.colcon_core.environment:checking '/home/lagushka/KWORK/conveyor/ros2/conveyor/install/conveyor_package/lib/python3.8/site-packages'
[1.474s] Level 1:colcon.colcon_core.shell:create_environment_hook('conveyor_package', 'pythonpath')
[1.476s] INFO:colcon.colcon_core.shell:Creating environment hook '/home/lagushka/KWORK/conveyor/ros2/conveyor/install/conveyor_package/share/conveyor_package/hook/pythonpath.ps1'
[1.476s] INFO:colcon.colcon_core.shell:Creating environment descriptor '/home/lagushka/KWORK/conveyor/ros2/conveyor/install/conveyor_package/share/conveyor_package/hook/pythonpath.dsv'
[1.477s] INFO:colcon.colcon_core.shell:Creating environment hook '/home/lagushka/KWORK/conveyor/ros2/conveyor/install/conveyor_package/share/conveyor_package/hook/pythonpath.sh'
[1.477s] Level 1:colcon.colcon_core.environment:checking '/home/lagushka/KWORK/conveyor/ros2/conveyor/install/conveyor_package/bin'
[1.477s] Level 1:colcon.colcon_core.environment:create_environment_scripts_only(conveyor_package)
[1.479s] INFO:colcon.colcon_core.shell:Creating package script '/home/lagushka/KWORK/conveyor/ros2/conveyor/install/conveyor_package/share/conveyor_package/package.ps1'
[1.481s] INFO:colcon.colcon_core.shell:Creating package descriptor '/home/lagushka/KWORK/conveyor/ros2/conveyor/install/conveyor_package/share/conveyor_package/package.dsv'
[1.481s] INFO:colcon.colcon_core.shell:Creating package script '/home/lagushka/KWORK/conveyor/ros2/conveyor/install/conveyor_package/share/conveyor_package/package.sh'
[1.482s] INFO:colcon.colcon_core.shell:Creating package script '/home/lagushka/KWORK/conveyor/ros2/conveyor/install/conveyor_package/share/conveyor_package/package.bash'
[1.483s] INFO:colcon.colcon_core.shell:Creating package script '/home/lagushka/KWORK/conveyor/ros2/conveyor/install/conveyor_package/share/conveyor_package/package.zsh'
[1.484s] Level 1:colcon.colcon_core.environment:create_file_with_runtime_dependencies(/home/lagushka/KWORK/conveyor/ros2/conveyor/install/conveyor_package/share/colcon-core/packages/conveyor_package)
[1.484s] DEBUG:colcon.colcon_parallel_executor.executor.parallel:closing loop
[1.484s] DEBUG:colcon.colcon_parallel_executor.executor.parallel:loop closed
[1.485s] DEBUG:colcon.colcon_parallel_executor.executor.parallel:run_until_complete finished with '0'
[1.485s] DEBUG:colcon.colcon_core.event_reactor:joining thread
[1.492s] INFO:colcon.colcon_core.plugin_system:Skipping extension 'colcon_notification.desktop_notification.terminal_notifier': Not used on non-Darwin systems
[1.492s] INFO:colcon.colcon_core.plugin_system:Skipping extension 'colcon_notification.desktop_notification.win32': Not used on non-Windows systems
[1.492s] INFO:colcon.colcon_notification.desktop_notification:Sending desktop notification using 'notify2'
[1.511s] DEBUG:colcon.colcon_core.event_reactor:joined thread
[1.513s] INFO:colcon.colcon_core.shell:Creating prefix script '/home/lagushka/KWORK/conveyor/ros2/conveyor/install/local_setup.ps1'
[1.514s] INFO:colcon.colcon_core.shell:Creating prefix util module '/home/lagushka/KWORK/conveyor/ros2/conveyor/install/_local_setup_util_ps1.py'
[1.516s] INFO:colcon.colcon_core.shell:Creating prefix chain script '/home/lagushka/KWORK/conveyor/ros2/conveyor/install/setup.ps1'
[1.519s] INFO:colcon.colcon_core.shell:Creating prefix script '/home/lagushka/KWORK/conveyor/ros2/conveyor/install/local_setup.sh'
[1.519s] INFO:colcon.colcon_core.shell:Creating prefix util module '/home/lagushka/KWORK/conveyor/ros2/conveyor/install/_local_setup_util_sh.py'
[1.520s] INFO:colcon.colcon_core.shell:Creating prefix chain script '/home/lagushka/KWORK/conveyor/ros2/conveyor/install/setup.sh'
[1.521s] INFO:colcon.colcon_core.shell:Creating prefix script '/home/lagushka/KWORK/conveyor/ros2/conveyor/install/local_setup.bash'
[1.522s] INFO:colcon.colcon_core.shell:Creating prefix chain script '/home/lagushka/KWORK/conveyor/ros2/conveyor/install/setup.bash'
[1.524s] INFO:colcon.colcon_core.shell:Creating prefix script '/home/lagushka/KWORK/conveyor/ros2/conveyor/install/local_setup.zsh'
[1.524s] INFO:colcon.colcon_core.shell:Creating prefix chain script '/home/lagushka/KWORK/conveyor/ros2/conveyor/install/setup.zsh'
