[0.645s] Invoking command in '/home/lagushka/KWORK/conveyor/ros2/motor/src/motor_package': PYTHONPATH=/home/lagushka/KWORK/conveyor/ros2/motor/install/motor_package/lib/python3.8/site-packages:${PYTHONPATH} /usr/bin/python3 setup.py egg_info --egg-base ../../build/motor_package build --build-base /home/lagushka/KWORK/conveyor/ros2/motor/build/motor_package/build install --prefix /home/lagushka/KWORK/conveyor/ros2/motor/install/motor_package --record /home/lagushka/KWORK/conveyor/ros2/motor/build/motor_package/install.log --single-version-externally-managed
[0.869s] running egg_info
[0.869s] writing ../../build/motor_package/motor_package.egg-info/PKG-INFO
[0.869s] writing dependency_links to ../../build/motor_package/motor_package.egg-info/dependency_links.txt
[0.870s] writing entry points to ../../build/motor_package/motor_package.egg-info/entry_points.txt
[0.870s] writing requirements to ../../build/motor_package/motor_package.egg-info/requires.txt
[0.870s] writing top-level names to ../../build/motor_package/motor_package.egg-info/top_level.txt
[0.904s] reading manifest file '../../build/motor_package/motor_package.egg-info/SOURCES.txt'
[0.905s] writing manifest file '../../build/motor_package/motor_package.egg-info/SOURCES.txt'
[0.905s] running build
[0.906s] running build_py
[0.906s] running install
[0.906s] running install_lib
[0.908s] running install_data
[0.908s] running install_egg_info
[0.910s] removing '/home/lagushka/KWORK/conveyor/ros2/motor/install/motor_package/lib/python3.8/site-packages/motor_package-0.0.0-py3.8.egg-info' (and everything under it)
[0.910s] Copying ../../build/motor_package/motor_package.egg-info to /home/lagushka/KWORK/conveyor/ros2/motor/install/motor_package/lib/python3.8/site-packages/motor_package-0.0.0-py3.8.egg-info
[0.911s] running install_scripts
[0.928s] Installing motor_node script to /home/lagushka/KWORK/conveyor/ros2/motor/install/motor_package/lib/motor_package
[0.929s] writing list of installed files to '/home/lagushka/KWORK/conveyor/ros2/motor/build/motor_package/install.log'
[0.951s] Invoked command in '/home/lagushka/KWORK/conveyor/ros2/motor/src/motor_package' returned '0': PYTHONPATH=/home/lagushka/KWORK/conveyor/ros2/motor/install/motor_package/lib/python3.8/site-packages:${PYTHONPATH} /usr/bin/python3 setup.py egg_info --egg-base ../../build/motor_package build --build-base /home/lagushka/KWORK/conveyor/ros2/motor/build/motor_package/build install --prefix /home/lagushka/KWORK/conveyor/ros2/motor/install/motor_package --record /home/lagushka/KWORK/conveyor/ros2/motor/build/motor_package/install.log --single-version-externally-managed
