[0.630s] Invoking command in '/home/lagushka/KWORK/conveyor/ros2/motor/src/motor_package': PYTHONPATH=/home/lagushka/KWORK/conveyor/ros2/motor/install/motor_package/lib/python3.8/site-packages:${PYTHONPATH} /usr/bin/python3 setup.py egg_info --egg-base ../../build/motor_package build --build-base /home/lagushka/KWORK/conveyor/ros2/motor/build/motor_package/build install --prefix /home/lagushka/KWORK/conveyor/ros2/motor/install/motor_package --record /home/lagushka/KWORK/conveyor/ros2/motor/build/motor_package/install.log --single-version-externally-managed
[0.849s] running egg_info
[0.849s] writing ../../build/motor_package/motor_package.egg-info/PKG-INFO
[0.850s] writing dependency_links to ../../build/motor_package/motor_package.egg-info/dependency_links.txt
[0.850s] writing entry points to ../../build/motor_package/motor_package.egg-info/entry_points.txt
[0.850s] writing requirements to ../../build/motor_package/motor_package.egg-info/requires.txt
[0.850s] writing top-level names to ../../build/motor_package/motor_package.egg-info/top_level.txt
[0.884s] reading manifest file '../../build/motor_package/motor_package.egg-info/SOURCES.txt'
[0.885s] writing manifest file '../../build/motor_package/motor_package.egg-info/SOURCES.txt'
[0.885s] running build
[0.885s] running build_py
[0.885s] copying motor_package/motor_node.py -> /home/lagushka/KWORK/conveyor/ros2/motor/build/motor_package/build/lib/motor_package
[0.885s] running install
[0.886s] running install_lib
[0.887s] copying /home/lagushka/KWORK/conveyor/ros2/motor/build/motor_package/build/lib/motor_package/motor_node.py -> /home/lagushka/KWORK/conveyor/ros2/motor/install/motor_package/lib/python3.8/site-packages/motor_package
[0.887s] byte-compiling /home/lagushka/KWORK/conveyor/ros2/motor/install/motor_package/lib/python3.8/site-packages/motor_package/motor_node.py to motor_node.cpython-38.pyc
[0.888s] running install_data
[0.889s] running install_egg_info
[0.890s] removing '/home/lagushka/KWORK/conveyor/ros2/motor/install/motor_package/lib/python3.8/site-packages/motor_package-0.0.0-py3.8.egg-info' (and everything under it)
[0.891s] Copying ../../build/motor_package/motor_package.egg-info to /home/lagushka/KWORK/conveyor/ros2/motor/install/motor_package/lib/python3.8/site-packages/motor_package-0.0.0-py3.8.egg-info
[0.891s] running install_scripts
[0.909s] Installing motor_node script to /home/lagushka/KWORK/conveyor/ros2/motor/install/motor_package/lib/motor_package
[0.909s] writing list of installed files to '/home/lagushka/KWORK/conveyor/ros2/motor/build/motor_package/install.log'
[0.932s] Invoked command in '/home/lagushka/KWORK/conveyor/ros2/motor/src/motor_package' returned '0': PYTHONPATH=/home/lagushka/KWORK/conveyor/ros2/motor/install/motor_package/lib/python3.8/site-packages:${PYTHONPATH} /usr/bin/python3 setup.py egg_info --egg-base ../../build/motor_package build --build-base /home/lagushka/KWORK/conveyor/ros2/motor/build/motor_package/build install --prefix /home/lagushka/KWORK/conveyor/ros2/motor/install/motor_package --record /home/lagushka/KWORK/conveyor/ros2/motor/build/motor_package/install.log --single-version-externally-managed
