[0.655s] Invoking command in '/home/lagushka/KWORK/conveyor/ros2/conveyor/src/conveyor_package': PYTHONPATH=/home/lagushka/KWORK/conveyor/ros2/conveyor/install/conveyor_package/lib/python3.8/site-packages:${PYTHONPATH} /usr/bin/python3 setup.py egg_info --egg-base ../../build/conveyor_package build --build-base /home/lagushka/KWORK/conveyor/ros2/conveyor/build/conveyor_package/build install --prefix /home/lagushka/KWORK/conveyor/ros2/conveyor/install/conveyor_package --record /home/lagushka/KWORK/conveyor/ros2/conveyor/build/conveyor_package/install.log --single-version-externally-managed
[0.883s] running egg_info
[0.883s] writing ../../build/conveyor_package/conveyor_package.egg-info/PKG-INFO
[0.883s] writing dependency_links to ../../build/conveyor_package/conveyor_package.egg-info/dependency_links.txt
[0.884s] writing entry points to ../../build/conveyor_package/conveyor_package.egg-info/entry_points.txt
[0.884s] writing requirements to ../../build/conveyor_package/conveyor_package.egg-info/requires.txt
[0.884s] writing top-level names to ../../build/conveyor_package/conveyor_package.egg-info/top_level.txt
[0.918s] reading manifest file '../../build/conveyor_package/conveyor_package.egg-info/SOURCES.txt'
[0.919s] writing manifest file '../../build/conveyor_package/conveyor_package.egg-info/SOURCES.txt'
[0.919s] running build
[0.919s] running build_py
[0.919s] copying conveyor_package/conveyor_node.py -> /home/lagushka/KWORK/conveyor/ros2/conveyor/build/conveyor_package/build/lib/conveyor_package
[0.919s] running install
[0.920s] running install_lib
[0.921s] copying /home/lagushka/KWORK/conveyor/ros2/conveyor/build/conveyor_package/build/lib/conveyor_package/conveyor_node.py -> /home/lagushka/KWORK/conveyor/ros2/conveyor/install/conveyor_package/lib/python3.8/site-packages/conveyor_package
[0.922s] byte-compiling /home/lagushka/KWORK/conveyor/ros2/conveyor/install/conveyor_package/lib/python3.8/site-packages/conveyor_package/conveyor_node.py to conveyor_node.cpython-38.pyc
[0.924s] running install_data
[0.924s] running install_egg_info
[0.925s] removing '/home/lagushka/KWORK/conveyor/ros2/conveyor/install/conveyor_package/lib/python3.8/site-packages/conveyor_package-0.0.0-py3.8.egg-info' (and everything under it)
[0.926s] Copying ../../build/conveyor_package/conveyor_package.egg-info to /home/lagushka/KWORK/conveyor/ros2/conveyor/install/conveyor_package/lib/python3.8/site-packages/conveyor_package-0.0.0-py3.8.egg-info
[0.926s] running install_scripts
[0.944s] Installing conveyor_node script to /home/lagushka/KWORK/conveyor/ros2/conveyor/install/conveyor_package/lib/conveyor_package
[0.945s] writing list of installed files to '/home/lagushka/KWORK/conveyor/ros2/conveyor/build/conveyor_package/install.log'
[0.967s] Invoked command in '/home/lagushka/KWORK/conveyor/ros2/conveyor/src/conveyor_package' returned '0': PYTHONPATH=/home/lagushka/KWORK/conveyor/ros2/conveyor/install/conveyor_package/lib/python3.8/site-packages:${PYTHONPATH} /usr/bin/python3 setup.py egg_info --egg-base ../../build/conveyor_package build --build-base /home/lagushka/KWORK/conveyor/ros2/conveyor/build/conveyor_package/build install --prefix /home/lagushka/KWORK/conveyor/ros2/conveyor/install/conveyor_package --record /home/lagushka/KWORK/conveyor/ros2/conveyor/build/conveyor_package/install.log --single-version-externally-managed
