[0.692s] Invoking command in '/home/lagushka/KWORK/conveyor/ros2/opencv/src/opencv_package': PYTHONPATH=/home/lagushka/KWORK/conveyor/ros2/opencv/install/opencv_package/lib/python3.8/site-packages:${PYTHONPATH} /usr/bin/python3 setup.py egg_info --egg-base ../../build/opencv_package build --build-base /home/lagushka/KWORK/conveyor/ros2/opencv/build/opencv_package/build install --prefix /home/lagushka/KWORK/conveyor/ros2/opencv/install/opencv_package --record /home/lagushka/KWORK/conveyor/ros2/opencv/build/opencv_package/install.log --single-version-externally-managed
[0.931s] running egg_info
[0.932s] writing ../../build/opencv_package/opencv_package.egg-info/PKG-INFO
[0.932s] writing dependency_links to ../../build/opencv_package/opencv_package.egg-info/dependency_links.txt
[0.933s] writing entry points to ../../build/opencv_package/opencv_package.egg-info/entry_points.txt
[0.933s] writing requirements to ../../build/opencv_package/opencv_package.egg-info/requires.txt
[0.933s] writing top-level names to ../../build/opencv_package/opencv_package.egg-info/top_level.txt
[0.970s] reading manifest file '../../build/opencv_package/opencv_package.egg-info/SOURCES.txt'
[0.971s] writing manifest file '../../build/opencv_package/opencv_package.egg-info/SOURCES.txt'
[0.971s] running build
[0.971s] running build_py
[0.971s] running install
[0.972s] running install_lib
[0.973s] running install_data
[0.974s] running install_egg_info
[0.975s] removing '/home/lagushka/KWORK/conveyor/ros2/opencv/install/opencv_package/lib/python3.8/site-packages/opencv_package-0.0.0-py3.8.egg-info' (and everything under it)
[0.976s] Copying ../../build/opencv_package/opencv_package.egg-info to /home/lagushka/KWORK/conveyor/ros2/opencv/install/opencv_package/lib/python3.8/site-packages/opencv_package-0.0.0-py3.8.egg-info
[0.977s] running install_scripts
[0.995s] Installing opencv_node script to /home/lagushka/KWORK/conveyor/ros2/opencv/install/opencv_package/lib/opencv_package
[0.995s] writing list of installed files to '/home/lagushka/KWORK/conveyor/ros2/opencv/build/opencv_package/install.log'
[1.020s] Invoked command in '/home/lagushka/KWORK/conveyor/ros2/opencv/src/opencv_package' returned '0': PYTHONPATH=/home/lagushka/KWORK/conveyor/ros2/opencv/install/opencv_package/lib/python3.8/site-packages:${PYTHONPATH} /usr/bin/python3 setup.py egg_info --egg-base ../../build/opencv_package build --build-base /home/lagushka/KWORK/conveyor/ros2/opencv/build/opencv_package/build install --prefix /home/lagushka/KWORK/conveyor/ros2/opencv/install/opencv_package --record /home/lagushka/KWORK/conveyor/ros2/opencv/build/opencv_package/install.log --single-version-externally-managed
