[0.678s] Invoking command in '/home/lagushka/KWORK/conveyor/ros2/wifi/src/wifi_package': PYTHONPATH=/home/lagushka/KWORK/conveyor/ros2/wifi/install/wifi_package/lib/python3.8/site-packages:${PYTHONPATH} /usr/bin/python3 setup.py egg_info --egg-base ../../build/wifi_package build --build-base /home/lagushka/KWORK/conveyor/ros2/wifi/build/wifi_package/build install --prefix /home/lagushka/KWORK/conveyor/ros2/wifi/install/wifi_package --record /home/lagushka/KWORK/conveyor/ros2/wifi/build/wifi_package/install.log --single-version-externally-managed
[0.898s] running egg_info
[0.899s] writing ../../build/wifi_package/wifi_package.egg-info/PKG-INFO
[0.899s] writing dependency_links to ../../build/wifi_package/wifi_package.egg-info/dependency_links.txt
[0.900s] writing entry points to ../../build/wifi_package/wifi_package.egg-info/entry_points.txt
[0.900s] writing requirements to ../../build/wifi_package/wifi_package.egg-info/requires.txt
[0.900s] writing top-level names to ../../build/wifi_package/wifi_package.egg-info/top_level.txt
[0.935s] reading manifest file '../../build/wifi_package/wifi_package.egg-info/SOURCES.txt'
[0.935s] writing manifest file '../../build/wifi_package/wifi_package.egg-info/SOURCES.txt'
[0.936s] running build
[0.936s] running build_py
[0.936s] running install
[0.937s] running install_lib
[0.939s] running install_data
[0.939s] running install_egg_info
[0.941s] removing '/home/lagushka/KWORK/conveyor/ros2/wifi/install/wifi_package/lib/python3.8/site-packages/wifi_package-0.0.0-py3.8.egg-info' (and everything under it)
[0.941s] Copying ../../build/wifi_package/wifi_package.egg-info to /home/lagushka/KWORK/conveyor/ros2/wifi/install/wifi_package/lib/python3.8/site-packages/wifi_package-0.0.0-py3.8.egg-info
[0.942s] running install_scripts
[0.961s] Installing wifi_node script to /home/lagushka/KWORK/conveyor/ros2/wifi/install/wifi_package/lib/wifi_package
[0.961s] writing list of installed files to '/home/lagushka/KWORK/conveyor/ros2/wifi/build/wifi_package/install.log'
[0.993s] Invoked command in '/home/lagushka/KWORK/conveyor/ros2/wifi/src/wifi_package' returned '0': PYTHONPATH=/home/lagushka/KWORK/conveyor/ros2/wifi/install/wifi_package/lib/python3.8/site-packages:${PYTHONPATH} /usr/bin/python3 setup.py egg_info --egg-base ../../build/wifi_package build --build-base /home/lagushka/KWORK/conveyor/ros2/wifi/build/wifi_package/build install --prefix /home/lagushka/KWORK/conveyor/ros2/wifi/install/wifi_package --record /home/lagushka/KWORK/conveyor/ros2/wifi/build/wifi_package/install.log --single-version-externally-managed
