running egg_info
creating ../../build/conveyor_package/conveyor_package.egg-info
writing ../../build/conveyor_package/conveyor_package.egg-info/PKG-INFO
writing dependency_links to ../../build/conveyor_package/conveyor_package.egg-info/dependency_links.txt
writing entry points to ../../build/conveyor_package/conveyor_package.egg-info/entry_points.txt
writing requirements to ../../build/conveyor_package/conveyor_package.egg-info/requires.txt
writing top-level names to ../../build/conveyor_package/conveyor_package.egg-info/top_level.txt
writing manifest file '../../build/conveyor_package/conveyor_package.egg-info/SOURCES.txt'
reading manifest file '../../build/conveyor_package/conveyor_package.egg-info/SOURCES.txt'
writing manifest file '../../build/conveyor_package/conveyor_package.egg-info/SOURCES.txt'
running build
running build_py
creating /home/lagushka/KWORK/conveyor/ros2/conveyor/build/conveyor_package/build
creating /home/lagushka/KWORK/conveyor/ros2/conveyor/build/conveyor_package/build/lib
creating /home/lagushka/KWORK/conveyor/ros2/conveyor/build/conveyor_package/build/lib/conveyor_package
copying conveyor_package/__init__.py -> /home/lagushka/KWORK/conveyor/ros2/conveyor/build/conveyor_package/build/lib/conveyor_package
running install
running install_lib
creating /home/lagushka/KWORK/conveyor/ros2/conveyor/install/conveyor_package/lib/python3.8/site-packages/conveyor_package
copying /home/lagushka/KWORK/conveyor/ros2/conveyor/build/conveyor_package/build/lib/conveyor_package/__init__.py -> /home/lagushka/KWORK/conveyor/ros2/conveyor/install/conveyor_package/lib/python3.8/site-packages/conveyor_package
byte-compiling /home/lagushka/KWORK/conveyor/ros2/conveyor/install/conveyor_package/lib/python3.8/site-packages/conveyor_package/__init__.py to __init__.cpython-38.pyc
running install_data
creating /home/lagushka/KWORK/conveyor/ros2/conveyor/install/conveyor_package/share/ament_index
creating /home/lagushka/KWORK/conveyor/ros2/conveyor/install/conveyor_package/share/ament_index/resource_index
creating /home/lagushka/KWORK/conveyor/ros2/conveyor/install/conveyor_package/share/ament_index/resource_index/packages
copying resource/conveyor_package -> /home/lagushka/KWORK/conveyor/ros2/conveyor/install/conveyor_package/share/ament_index/resource_index/packages
copying package.xml -> /home/lagushka/KWORK/conveyor/ros2/conveyor/install/conveyor_package/share/conveyor_package
running install_egg_info
Copying ../../build/conveyor_package/conveyor_package.egg-info to /home/lagushka/KWORK/conveyor/ros2/conveyor/install/conveyor_package/lib/python3.8/site-packages/conveyor_package-0.0.0-py3.8.egg-info
running install_scripts
writing list of installed files to '/home/lagushka/KWORK/conveyor/ros2/conveyor/build/conveyor_package/install.log'
