[0.653s] Invoking command in '/home/lagushka/KWORK/conveyor/ros2/conveyor/src/conveyor_package': PYTHONPATH=/home/lagushka/KWORK/conveyor/ros2/conveyor/install/conveyor_package/lib/python3.8/site-packages:${PYTHONPATH} /usr/bin/python3 setup.py egg_info --egg-base ../../build/conveyor_package build --build-base /home/lagushka/KWORK/conveyor/ros2/conveyor/build/conveyor_package/build install --prefix /home/lagushka/KWORK/conveyor/ros2/conveyor/install/conveyor_package --record /home/lagushka/KWORK/conveyor/ros2/conveyor/build/conveyor_package/install.log --single-version-externally-managed
[0.875s] running egg_info
[0.875s] creating ../../build/conveyor_package/conveyor_package.egg-info
[0.875s] writing ../../build/conveyor_package/conveyor_package.egg-info/PKG-INFO
[0.876s] writing dependency_links to ../../build/conveyor_package/conveyor_package.egg-info/dependency_links.txt
[0.876s] writing entry points to ../../build/conveyor_package/conveyor_package.egg-info/entry_points.txt
[0.876s] writing requirements to ../../build/conveyor_package/conveyor_package.egg-info/requires.txt
[0.876s] writing top-level names to ../../build/conveyor_package/conveyor_package.egg-info/top_level.txt
[0.877s] writing manifest file '../../build/conveyor_package/conveyor_package.egg-info/SOURCES.txt'
[0.911s] reading manifest file '../../build/conveyor_package/conveyor_package.egg-info/SOURCES.txt'
[0.911s] writing manifest file '../../build/conveyor_package/conveyor_package.egg-info/SOURCES.txt'
[0.912s] running build
[0.912s] running build_py
[0.912s] creating /home/lagushka/KWORK/conveyor/ros2/conveyor/build/conveyor_package/build
[0.912s] creating /home/lagushka/KWORK/conveyor/ros2/conveyor/build/conveyor_package/build/lib
[0.912s] creating /home/lagushka/KWORK/conveyor/ros2/conveyor/build/conveyor_package/build/lib/conveyor_package
[0.912s] copying conveyor_package/__init__.py -> /home/lagushka/KWORK/conveyor/ros2/conveyor/build/conveyor_package/build/lib/conveyor_package
[0.912s] running install
[0.913s] running install_lib
[0.914s] creating /home/lagushka/KWORK/conveyor/ros2/conveyor/install/conveyor_package/lib/python3.8/site-packages/conveyor_package
[0.914s] copying /home/lagushka/KWORK/conveyor/ros2/conveyor/build/conveyor_package/build/lib/conveyor_package/__init__.py -> /home/lagushka/KWORK/conveyor/ros2/conveyor/install/conveyor_package/lib/python3.8/site-packages/conveyor_package
[0.914s] byte-compiling /home/lagushka/KWORK/conveyor/ros2/conveyor/install/conveyor_package/lib/python3.8/site-packages/conveyor_package/__init__.py to __init__.cpython-38.pyc
[0.915s] running install_data
[0.916s] creating /home/lagushka/KWORK/conveyor/ros2/conveyor/install/conveyor_package/share/ament_index
[0.916s] creating /home/lagushka/KWORK/conveyor/ros2/conveyor/install/conveyor_package/share/ament_index/resource_index
[0.916s] creating /home/lagushka/KWORK/conveyor/ros2/conveyor/install/conveyor_package/share/ament_index/resource_index/packages
[0.916s] copying resource/conveyor_package -> /home/lagushka/KWORK/conveyor/ros2/conveyor/install/conveyor_package/share/ament_index/resource_index/packages
[0.916s] copying package.xml -> /home/lagushka/KWORK/conveyor/ros2/conveyor/install/conveyor_package/share/conveyor_package
[0.916s] running install_egg_info
[0.918s] Copying ../../build/conveyor_package/conveyor_package.egg-info to /home/lagushka/KWORK/conveyor/ros2/conveyor/install/conveyor_package/lib/python3.8/site-packages/conveyor_package-0.0.0-py3.8.egg-info
[0.918s] running install_scripts
[0.936s] writing list of installed files to '/home/lagushka/KWORK/conveyor/ros2/conveyor/build/conveyor_package/install.log'
[0.962s] Invoked command in '/home/lagushka/KWORK/conveyor/ros2/conveyor/src/conveyor_package' returned '0': PYTHONPATH=/home/lagushka/KWORK/conveyor/ros2/conveyor/install/conveyor_package/lib/python3.8/site-packages:${PYTHONPATH} /usr/bin/python3 setup.py egg_info --egg-base ../../build/conveyor_package build --build-base /home/lagushka/KWORK/conveyor/ros2/conveyor/build/conveyor_package/build install --prefix /home/lagushka/KWORK/conveyor/ros2/conveyor/install/conveyor_package --record /home/lagushka/KWORK/conveyor/ros2/conveyor/build/conveyor_package/install.log --single-version-externally-managed
