[0.628s] Invoking command in '/home/lagushka/KWORK/conveyor/ros2/motor/src/motor_package': PYTHONPATH=/home/lagushka/KWORK/conveyor/ros2/motor/install/motor_package/lib/python3.8/site-packages:${PYTHONPATH} /usr/bin/python3 setup.py egg_info --egg-base ../../build/motor_package build --build-base /home/lagushka/KWORK/conveyor/ros2/motor/build/motor_package/build install --prefix /home/lagushka/KWORK/conveyor/ros2/motor/install/motor_package --record /home/lagushka/KWORK/conveyor/ros2/motor/build/motor_package/install.log --single-version-externally-managed
[0.843s] running egg_info
[0.843s] creating ../../build/motor_package/motor_package.egg-info
[0.843s] writing ../../build/motor_package/motor_package.egg-info/PKG-INFO
[0.844s] writing dependency_links to ../../build/motor_package/motor_package.egg-info/dependency_links.txt
[0.844s] writing entry points to ../../build/motor_package/motor_package.egg-info/entry_points.txt
[0.844s] writing requirements to ../../build/motor_package/motor_package.egg-info/requires.txt
[0.844s] writing top-level names to ../../build/motor_package/motor_package.egg-info/top_level.txt
[0.845s] writing manifest file '../../build/motor_package/motor_package.egg-info/SOURCES.txt'
[0.878s] reading manifest file '../../build/motor_package/motor_package.egg-info/SOURCES.txt'
[0.879s] writing manifest file '../../build/motor_package/motor_package.egg-info/SOURCES.txt'
[0.879s] running build
[0.879s] running build_py
[0.879s] creating /home/lagushka/KWORK/conveyor/ros2/motor/build/motor_package/build
[0.879s] creating /home/lagushka/KWORK/conveyor/ros2/motor/build/motor_package/build/lib
[0.880s] creating /home/lagushka/KWORK/conveyor/ros2/motor/build/motor_package/build/lib/motor_package
[0.880s] copying motor_package/__init__.py -> /home/lagushka/KWORK/conveyor/ros2/motor/build/motor_package/build/lib/motor_package
[0.880s] running install
[0.880s] running install_lib
[0.881s] creating /home/lagushka/KWORK/conveyor/ros2/motor/install/motor_package/lib/python3.8/site-packages/motor_package
[0.881s] copying /home/lagushka/KWORK/conveyor/ros2/motor/build/motor_package/build/lib/motor_package/__init__.py -> /home/lagushka/KWORK/conveyor/ros2/motor/install/motor_package/lib/python3.8/site-packages/motor_package
[0.881s] byte-compiling /home/lagushka/KWORK/conveyor/ros2/motor/install/motor_package/lib/python3.8/site-packages/motor_package/__init__.py to __init__.cpython-38.pyc
[0.883s] running install_data
[0.883s] creating /home/lagushka/KWORK/conveyor/ros2/motor/install/motor_package/share/ament_index
[0.883s] creating /home/lagushka/KWORK/conveyor/ros2/motor/install/motor_package/share/ament_index/resource_index
[0.883s] creating /home/lagushka/KWORK/conveyor/ros2/motor/install/motor_package/share/ament_index/resource_index/packages
[0.883s] copying resource/motor_package -> /home/lagushka/KWORK/conveyor/ros2/motor/install/motor_package/share/ament_index/resource_index/packages
[0.883s] copying package.xml -> /home/lagushka/KWORK/conveyor/ros2/motor/install/motor_package/share/motor_package
[0.884s] running install_egg_info
[0.885s] Copying ../../build/motor_package/motor_package.egg-info to /home/lagushka/KWORK/conveyor/ros2/motor/install/motor_package/lib/python3.8/site-packages/motor_package-0.0.0-py3.8.egg-info
[0.886s] running install_scripts
[0.903s] writing list of installed files to '/home/lagushka/KWORK/conveyor/ros2/motor/build/motor_package/install.log'
[0.924s] Invoked command in '/home/lagushka/KWORK/conveyor/ros2/motor/src/motor_package' returned '0': PYTHONPATH=/home/lagushka/KWORK/conveyor/ros2/motor/install/motor_package/lib/python3.8/site-packages:${PYTHONPATH} /usr/bin/python3 setup.py egg_info --egg-base ../../build/motor_package build --build-base /home/lagushka/KWORK/conveyor/ros2/motor/build/motor_package/build install --prefix /home/lagushka/KWORK/conveyor/ros2/motor/install/motor_package --record /home/lagushka/KWORK/conveyor/ros2/motor/build/motor_package/install.log --single-version-externally-managed
