running egg_info
writing ../../build/motor_package/motor_package.egg-info/PKG-INFO
writing dependency_links to ../../build/motor_package/motor_package.egg-info/dependency_links.txt
writing entry points to ../../build/motor_package/motor_package.egg-info/entry_points.txt
writing requirements to ../../build/motor_package/motor_package.egg-info/requires.txt
writing top-level names to ../../build/motor_package/motor_package.egg-info/top_level.txt
reading manifest file '../../build/motor_package/motor_package.egg-info/SOURCES.txt'
writing manifest file '../../build/motor_package/motor_package.egg-info/SOURCES.txt'
running build
running build_py
copying motor_package/motor_node.py -> /home/lagushka/KWORK/conveyor/ros2/motor/build/motor_package/build/lib/motor_package
running install
running install_lib
copying /home/lagushka/KWORK/conveyor/ros2/motor/build/motor_package/build/lib/motor_package/motor_node.py -> /home/lagushka/KWORK/conveyor/ros2/motor/install/motor_package/lib/python3.8/site-packages/motor_package
byte-compiling /home/lagushka/KWORK/conveyor/ros2/motor/install/motor_package/lib/python3.8/site-packages/motor_package/motor_node.py to motor_node.cpython-38.pyc
running install_data
running install_egg_info
removing '/home/lagushka/KWORK/conveyor/ros2/motor/install/motor_package/lib/python3.8/site-packages/motor_package-0.0.0-py3.8.egg-info' (and everything under it)
Copying ../../build/motor_package/motor_package.egg-info to /home/lagushka/KWORK/conveyor/ros2/motor/install/motor_package/lib/python3.8/site-packages/motor_package-0.0.0-py3.8.egg-info
running install_scripts
Installing motor_node script to /home/lagushka/KWORK/conveyor/ros2/motor/install/motor_package/lib/motor_package
writing list of installed files to '/home/lagushka/KWORK/conveyor/ros2/motor/build/motor_package/install.log'
