[0.738s] Invoking command in '/home/lagushka/KWORK/conveyor/ros2/motor/src/motor_package': PYTHONPATH=/home/lagushka/KWORK/conveyor/ros2/motor/install/motor_package/lib/python3.8/site-packages:${PYTHONPATH} /usr/bin/python3 setup.py egg_info --egg-base ../../build/motor_package build --build-base /home/lagushka/KWORK/conveyor/ros2/motor/build/motor_package/build install --prefix /home/lagushka/KWORK/conveyor/ros2/motor/install/motor_package --record /home/lagushka/KWORK/conveyor/ros2/motor/build/motor_package/install.log --single-version-externally-managed
[1.004s] running egg_info
[1.004s] writing ../../build/motor_package/motor_package.egg-info/PKG-INFO
[1.004s] writing dependency_links to ../../build/motor_package/motor_package.egg-info/dependency_links.txt
[1.004s] writing entry points to ../../build/motor_package/motor_package.egg-info/entry_points.txt
[1.005s] writing requirements to ../../build/motor_package/motor_package.egg-info/requires.txt
[1.005s] writing top-level names to ../../build/motor_package/motor_package.egg-info/top_level.txt
[1.046s] reading manifest file '../../build/motor_package/motor_package.egg-info/SOURCES.txt'
[1.047s] writing manifest file '../../build/motor_package/motor_package.egg-info/SOURCES.txt'
[1.047s] running build
[1.047s] running build_py
[1.047s] copying motor_package/motor_node.py -> /home/lagushka/KWORK/conveyor/ros2/motor/build/motor_package/build/lib/motor_package
[1.047s] running install
[1.048s] running install_lib
[1.049s] copying /home/lagushka/KWORK/conveyor/ros2/motor/build/motor_package/build/lib/motor_package/motor_node.py -> /home/lagushka/KWORK/conveyor/ros2/motor/install/motor_package/lib/python3.8/site-packages/motor_package
[1.050s] byte-compiling /home/lagushka/KWORK/conveyor/ros2/motor/install/motor_package/lib/python3.8/site-packages/motor_package/motor_node.py to motor_node.cpython-38.pyc
[1.051s] running install_data
[1.052s] running install_egg_info
[1.053s] removing '/home/lagushka/KWORK/conveyor/ros2/motor/install/motor_package/lib/python3.8/site-packages/motor_package-0.0.0-py3.8.egg-info' (and everything under it)
[1.054s] Copying ../../build/motor_package/motor_package.egg-info to /home/lagushka/KWORK/conveyor/ros2/motor/install/motor_package/lib/python3.8/site-packages/motor_package-0.0.0-py3.8.egg-info
[1.055s] running install_scripts
[1.074s] Installing motor_node script to /home/lagushka/KWORK/conveyor/ros2/motor/install/motor_package/lib/motor_package
[1.074s] writing list of installed files to '/home/lagushka/KWORK/conveyor/ros2/motor/build/motor_package/install.log'
[1.104s] Invoked command in '/home/lagushka/KWORK/conveyor/ros2/motor/src/motor_package' returned '0': PYTHONPATH=/home/lagushka/KWORK/conveyor/ros2/motor/install/motor_package/lib/python3.8/site-packages:${PYTHONPATH} /usr/bin/python3 setup.py egg_info --egg-base ../../build/motor_package build --build-base /home/lagushka/KWORK/conveyor/ros2/motor/build/motor_package/build install --prefix /home/lagushka/KWORK/conveyor/ros2/motor/install/motor_package --record /home/lagushka/KWORK/conveyor/ros2/motor/build/motor_package/install.log --single-version-externally-managed
