[0.774s] Invoking command in '/home/lagushka/KWORK/conveyor/ros2/conveyor/src/conveyor_package': PYTHONPATH=/home/lagushka/KWORK/conveyor/ros2/conveyor/install/conveyor_package/lib/python3.8/site-packages:${PYTHONPATH} /usr/bin/python3 setup.py egg_info --egg-base ../../build/conveyor_package build --build-base /home/lagushka/KWORK/conveyor/ros2/conveyor/build/conveyor_package/build install --prefix /home/lagushka/KWORK/conveyor/ros2/conveyor/install/conveyor_package --record /home/lagushka/KWORK/conveyor/ros2/conveyor/build/conveyor_package/install.log --single-version-externally-managed
[1.020s] running egg_info
[1.021s] writing ../../build/conveyor_package/conveyor_package.egg-info/PKG-INFO
[1.021s] writing dependency_links to ../../build/conveyor_package/conveyor_package.egg-info/dependency_links.txt
[1.021s] writing entry points to ../../build/conveyor_package/conveyor_package.egg-info/entry_points.txt
[1.021s] writing requirements to ../../build/conveyor_package/conveyor_package.egg-info/requires.txt
[1.021s] writing top-level names to ../../build/conveyor_package/conveyor_package.egg-info/top_level.txt
[1.068s] reading manifest file '../../build/conveyor_package/conveyor_package.egg-info/SOURCES.txt'
[1.069s] writing manifest file '../../build/conveyor_package/conveyor_package.egg-info/SOURCES.txt'
[1.069s] running build
[1.070s] running build_py
[1.070s] copying conveyor_package/conveyor_node.py -> /home/lagushka/KWORK/conveyor/ros2/conveyor/build/conveyor_package/build/lib/conveyor_package
[1.070s] running install
[1.071s] running install_lib
[1.072s] copying /home/lagushka/KWORK/conveyor/ros2/conveyor/build/conveyor_package/build/lib/conveyor_package/conveyor_node.py -> /home/lagushka/KWORK/conveyor/ros2/conveyor/install/conveyor_package/lib/python3.8/site-packages/conveyor_package
[1.073s] byte-compiling /home/lagushka/KWORK/conveyor/ros2/conveyor/install/conveyor_package/lib/python3.8/site-packages/conveyor_package/conveyor_node.py to conveyor_node.cpython-38.pyc
[1.074s] running install_data
[1.075s] running install_egg_info
[1.076s] removing '/home/lagushka/KWORK/conveyor/ros2/conveyor/install/conveyor_package/lib/python3.8/site-packages/conveyor_package-0.0.0-py3.8.egg-info' (and everything under it)
[1.077s] Copying ../../build/conveyor_package/conveyor_package.egg-info to /home/lagushka/KWORK/conveyor/ros2/conveyor/install/conveyor_package/lib/python3.8/site-packages/conveyor_package-0.0.0-py3.8.egg-info
[1.078s] running install_scripts
[1.097s] Installing conveyor_node script to /home/lagushka/KWORK/conveyor/ros2/conveyor/install/conveyor_package/lib/conveyor_package
[1.097s] writing list of installed files to '/home/lagushka/KWORK/conveyor/ros2/conveyor/build/conveyor_package/install.log'
[1.121s] Invoked command in '/home/lagushka/KWORK/conveyor/ros2/conveyor/src/conveyor_package' returned '0': PYTHONPATH=/home/lagushka/KWORK/conveyor/ros2/conveyor/install/conveyor_package/lib/python3.8/site-packages:${PYTHONPATH} /usr/bin/python3 setup.py egg_info --egg-base ../../build/conveyor_package build --build-base /home/lagushka/KWORK/conveyor/ros2/conveyor/build/conveyor_package/build install --prefix /home/lagushka/KWORK/conveyor/ros2/conveyor/install/conveyor_package --record /home/lagushka/KWORK/conveyor/ros2/conveyor/build/conveyor_package/install.log --single-version-externally-managed
