[0.634s] Invoking command in '/home/lagushka/KWORK/conveyor/ros2/wifi/src/wifi_package': PYTHONPATH=/home/lagushka/KWORK/conveyor/ros2/wifi/install/wifi_package/lib/python3.8/site-packages:${PYTHONPATH} /usr/bin/python3 setup.py egg_info --egg-base ../../build/wifi_package build --build-base /home/lagushka/KWORK/conveyor/ros2/wifi/build/wifi_package/build install --prefix /home/lagushka/KWORK/conveyor/ros2/wifi/install/wifi_package --record /home/lagushka/KWORK/conveyor/ros2/wifi/build/wifi_package/install.log --single-version-externally-managed
[0.851s] running egg_info
[0.851s] creating ../../build/wifi_package/wifi_package.egg-info
[0.852s] writing ../../build/wifi_package/wifi_package.egg-info/PKG-INFO
[0.852s] writing dependency_links to ../../build/wifi_package/wifi_package.egg-info/dependency_links.txt
[0.852s] writing entry points to ../../build/wifi_package/wifi_package.egg-info/entry_points.txt
[0.852s] writing requirements to ../../build/wifi_package/wifi_package.egg-info/requires.txt
[0.852s] writing top-level names to ../../build/wifi_package/wifi_package.egg-info/top_level.txt
[0.853s] writing manifest file '../../build/wifi_package/wifi_package.egg-info/SOURCES.txt'
[0.886s] reading manifest file '../../build/wifi_package/wifi_package.egg-info/SOURCES.txt'
[0.887s] writing manifest file '../../build/wifi_package/wifi_package.egg-info/SOURCES.txt'
[0.887s] running build
[0.887s] running build_py
[0.887s] creating /home/lagushka/KWORK/conveyor/ros2/wifi/build/wifi_package/build
[0.888s] creating /home/lagushka/KWORK/conveyor/ros2/wifi/build/wifi_package/build/lib
[0.888s] creating /home/lagushka/KWORK/conveyor/ros2/wifi/build/wifi_package/build/lib/wifi_package
[0.888s] copying wifi_package/__init__.py -> /home/lagushka/KWORK/conveyor/ros2/wifi/build/wifi_package/build/lib/wifi_package
[0.888s] copying wifi_package/wifi_node.py -> /home/lagushka/KWORK/conveyor/ros2/wifi/build/wifi_package/build/lib/wifi_package
[0.888s] running install
[0.888s] running install_lib
[0.889s] creating /home/lagushka/KWORK/conveyor/ros2/wifi/install/wifi_package/lib/python3.8/site-packages/wifi_package
[0.889s] copying /home/lagushka/KWORK/conveyor/ros2/wifi/build/wifi_package/build/lib/wifi_package/__init__.py -> /home/lagushka/KWORK/conveyor/ros2/wifi/install/wifi_package/lib/python3.8/site-packages/wifi_package
[0.889s] copying /home/lagushka/KWORK/conveyor/ros2/wifi/build/wifi_package/build/lib/wifi_package/wifi_node.py -> /home/lagushka/KWORK/conveyor/ros2/wifi/install/wifi_package/lib/python3.8/site-packages/wifi_package
[0.890s] byte-compiling /home/lagushka/KWORK/conveyor/ros2/wifi/install/wifi_package/lib/python3.8/site-packages/wifi_package/__init__.py to __init__.cpython-38.pyc
[0.891s] byte-compiling /home/lagushka/KWORK/conveyor/ros2/wifi/install/wifi_package/lib/python3.8/site-packages/wifi_package/wifi_node.py to wifi_node.cpython-38.pyc
[0.891s] running install_data
[0.892s] creating /home/lagushka/KWORK/conveyor/ros2/wifi/install/wifi_package/share/ament_index
[0.892s] creating /home/lagushka/KWORK/conveyor/ros2/wifi/install/wifi_package/share/ament_index/resource_index
[0.892s] creating /home/lagushka/KWORK/conveyor/ros2/wifi/install/wifi_package/share/ament_index/resource_index/packages
[0.892s] copying resource/wifi_package -> /home/lagushka/KWORK/conveyor/ros2/wifi/install/wifi_package/share/ament_index/resource_index/packages
[0.892s] copying package.xml -> /home/lagushka/KWORK/conveyor/ros2/wifi/install/wifi_package/share/wifi_package
[0.892s] running install_egg_info
[0.893s] Copying ../../build/wifi_package/wifi_package.egg-info to /home/lagushka/KWORK/conveyor/ros2/wifi/install/wifi_package/lib/python3.8/site-packages/wifi_package-0.0.0-py3.8.egg-info
[0.894s] running install_scripts
[0.911s] Installing wifi_node script to /home/lagushka/KWORK/conveyor/ros2/wifi/install/wifi_package/lib/wifi_package
[0.911s] writing list of installed files to '/home/lagushka/KWORK/conveyor/ros2/wifi/build/wifi_package/install.log'
[0.934s] Invoked command in '/home/lagushka/KWORK/conveyor/ros2/wifi/src/wifi_package' returned '0': PYTHONPATH=/home/lagushka/KWORK/conveyor/ros2/wifi/install/wifi_package/lib/python3.8/site-packages:${PYTHONPATH} /usr/bin/python3 setup.py egg_info --egg-base ../../build/wifi_package build --build-base /home/lagushka/KWORK/conveyor/ros2/wifi/build/wifi_package/build install --prefix /home/lagushka/KWORK/conveyor/ros2/wifi/install/wifi_package --record /home/lagushka/KWORK/conveyor/ros2/wifi/build/wifi_package/install.log --single-version-externally-managed
