running egg_info
writing ../../build/conveyor_package/conveyor_package.egg-info/PKG-INFO
writing dependency_links to ../../build/conveyor_package/conveyor_package.egg-info/dependency_links.txt
writing entry points to ../../build/conveyor_package/conveyor_package.egg-info/entry_points.txt
writing requirements to ../../build/conveyor_package/conveyor_package.egg-info/requires.txt
writing top-level names to ../../build/conveyor_package/conveyor_package.egg-info/top_level.txt
reading manifest file '../../build/conveyor_package/conveyor_package.egg-info/SOURCES.txt'
writing manifest file '../../build/conveyor_package/conveyor_package.egg-info/SOURCES.txt'
running build
running build_py
copying conveyor_package/conveyor_node.py -> /home/lagushka/KWORK/conveyor/ros2/conveyor/build/conveyor_package/build/lib/conveyor_package
copying conveyor_package/conveyor_node_term.py -> /home/lagushka/KWORK/conveyor/ros2/conveyor/build/conveyor_package/build/lib/conveyor_package
running install
running install_lib
copying /home/lagushka/KWORK/conveyor/ros2/conveyor/build/conveyor_package/build/lib/conveyor_package/conveyor_node.py -> /home/lagushka/KWORK/conveyor/ros2/conveyor/install/conveyor_package/lib/python3.8/site-packages/conveyor_package
copying /home/lagushka/KWORK/conveyor/ros2/conveyor/build/conveyor_package/build/lib/conveyor_package/conveyor_node_term.py -> /home/lagushka/KWORK/conveyor/ros2/conveyor/install/conveyor_package/lib/python3.8/site-packages/conveyor_package
byte-compiling /home/lagushka/KWORK/conveyor/ros2/conveyor/install/conveyor_package/lib/python3.8/site-packages/conveyor_package/conveyor_node.py to conveyor_node.cpython-38.pyc
byte-compiling /home/lagushka/KWORK/conveyor/ros2/conveyor/install/conveyor_package/lib/python3.8/site-packages/conveyor_package/conveyor_node_term.py to conveyor_node_term.cpython-38.pyc
running install_data
running install_egg_info
removing '/home/lagushka/KWORK/conveyor/ros2/conveyor/install/conveyor_package/lib/python3.8/site-packages/conveyor_package-0.0.0-py3.8.egg-info' (and everything under it)
Copying ../../build/conveyor_package/conveyor_package.egg-info to /home/lagushka/KWORK/conveyor/ros2/conveyor/install/conveyor_package/lib/python3.8/site-packages/conveyor_package-0.0.0-py3.8.egg-info
running install_scripts
Installing conveyor_node script to /home/lagushka/KWORK/conveyor/ros2/conveyor/install/conveyor_package/lib/conveyor_package
Installing conveyor_node_qt script to /home/lagushka/KWORK/conveyor/ros2/conveyor/install/conveyor_package/lib/conveyor_package
writing list of installed files to '/home/lagushka/KWORK/conveyor/ros2/conveyor/build/conveyor_package/install.log'
