[0.687s] Invoking command in '/home/lagushka/KWORK/conveyor/ros2/wifi/src/wifi_package': PYTHONPATH=/home/lagushka/KWORK/conveyor/ros2/wifi/install/wifi_package/lib/python3.8/site-packages:${PYTHONPATH} /usr/bin/python3 setup.py egg_info --egg-base ../../build/wifi_package build --build-base /home/lagushka/KWORK/conveyor/ros2/wifi/build/wifi_package/build install --prefix /home/lagushka/KWORK/conveyor/ros2/wifi/install/wifi_package --record /home/lagushka/KWORK/conveyor/ros2/wifi/build/wifi_package/install.log --single-version-externally-managed
[0.920s] running egg_info
[0.920s] writing ../../build/wifi_package/wifi_package.egg-info/PKG-INFO
[0.920s] writing dependency_links to ../../build/wifi_package/wifi_package.egg-info/dependency_links.txt
[0.921s] writing entry points to ../../build/wifi_package/wifi_package.egg-info/entry_points.txt
[0.921s] writing requirements to ../../build/wifi_package/wifi_package.egg-info/requires.txt
[0.921s] writing top-level names to ../../build/wifi_package/wifi_package.egg-info/top_level.txt
[0.956s] reading manifest file '../../build/wifi_package/wifi_package.egg-info/SOURCES.txt'
[0.957s] writing manifest file '../../build/wifi_package/wifi_package.egg-info/SOURCES.txt'
[0.957s] running build
[0.958s] running build_py
[0.958s] copying wifi_package/wifi_node.py -> /home/lagushka/KWORK/conveyor/ros2/wifi/build/wifi_package/build/lib/wifi_package
[0.958s] running install
[0.958s] running install_lib
[0.959s] copying /home/lagushka/KWORK/conveyor/ros2/wifi/build/wifi_package/build/lib/wifi_package/wifi_node.py -> /home/lagushka/KWORK/conveyor/ros2/wifi/install/wifi_package/lib/python3.8/site-packages/wifi_package
[0.960s] byte-compiling /home/lagushka/KWORK/conveyor/ros2/wifi/install/wifi_package/lib/python3.8/site-packages/wifi_package/wifi_node.py to wifi_node.cpython-38.pyc
[0.962s] running install_data
[0.962s] running install_egg_info
[0.964s] removing '/home/lagushka/KWORK/conveyor/ros2/wifi/install/wifi_package/lib/python3.8/site-packages/wifi_package-0.0.0-py3.8.egg-info' (and everything under it)
[0.964s] Copying ../../build/wifi_package/wifi_package.egg-info to /home/lagushka/KWORK/conveyor/ros2/wifi/install/wifi_package/lib/python3.8/site-packages/wifi_package-0.0.0-py3.8.egg-info
[0.965s] running install_scripts
[0.983s] Installing wifi_node script to /home/lagushka/KWORK/conveyor/ros2/wifi/install/wifi_package/lib/wifi_package
[0.983s] writing list of installed files to '/home/lagushka/KWORK/conveyor/ros2/wifi/build/wifi_package/install.log'
[1.008s] Invoked command in '/home/lagushka/KWORK/conveyor/ros2/wifi/src/wifi_package' returned '0': PYTHONPATH=/home/lagushka/KWORK/conveyor/ros2/wifi/install/wifi_package/lib/python3.8/site-packages:${PYTHONPATH} /usr/bin/python3 setup.py egg_info --egg-base ../../build/wifi_package build --build-base /home/lagushka/KWORK/conveyor/ros2/wifi/build/wifi_package/build install --prefix /home/lagushka/KWORK/conveyor/ros2/wifi/install/wifi_package --record /home/lagushka/KWORK/conveyor/ros2/wifi/build/wifi_package/install.log --single-version-externally-managed
