[0.646s] Invoking command in '/home/lagushka/KWORK/conveyor/ros2/conveyor/src/conveyor_package': PYTHONPATH=/home/lagushka/KWORK/conveyor/ros2/conveyor/install/conveyor_package/lib/python3.8/site-packages:${PYTHONPATH} /usr/bin/python3 setup.py egg_info --egg-base ../../build/conveyor_package build --build-base /home/lagushka/KWORK/conveyor/ros2/conveyor/build/conveyor_package/build install --prefix /home/lagushka/KWORK/conveyor/ros2/conveyor/install/conveyor_package --record /home/lagushka/KWORK/conveyor/ros2/conveyor/build/conveyor_package/install.log --single-version-externally-managed
[0.869s] running egg_info
[0.869s] writing ../../build/conveyor_package/conveyor_package.egg-info/PKG-INFO
[0.869s] writing dependency_links to ../../build/conveyor_package/conveyor_package.egg-info/dependency_links.txt
[0.870s] writing entry points to ../../build/conveyor_package/conveyor_package.egg-info/entry_points.txt
[0.870s] writing requirements to ../../build/conveyor_package/conveyor_package.egg-info/requires.txt
[0.870s] writing top-level names to ../../build/conveyor_package/conveyor_package.egg-info/top_level.txt
[0.904s] reading manifest file '../../build/conveyor_package/conveyor_package.egg-info/SOURCES.txt'
[0.905s] writing manifest file '../../build/conveyor_package/conveyor_package.egg-info/SOURCES.txt'
[0.905s] running build
[0.905s] running build_py
[0.905s] running install
[0.906s] running install_lib
[0.907s] running install_data
[0.908s] running install_egg_info
[0.909s] removing '/home/lagushka/KWORK/conveyor/ros2/conveyor/install/conveyor_package/lib/python3.8/site-packages/conveyor_package-0.0.0-py3.8.egg-info' (and everything under it)
[0.910s] Copying ../../build/conveyor_package/conveyor_package.egg-info to /home/lagushka/KWORK/conveyor/ros2/conveyor/install/conveyor_package/lib/python3.8/site-packages/conveyor_package-0.0.0-py3.8.egg-info
[0.911s] running install_scripts
[0.928s] Installing conveyor_node script to /home/lagushka/KWORK/conveyor/ros2/conveyor/install/conveyor_package/lib/conveyor_package
[0.929s] writing list of installed files to '/home/lagushka/KWORK/conveyor/ros2/conveyor/build/conveyor_package/install.log'
[0.951s] Invoked command in '/home/lagushka/KWORK/conveyor/ros2/conveyor/src/conveyor_package' returned '0': PYTHONPATH=/home/lagushka/KWORK/conveyor/ros2/conveyor/install/conveyor_package/lib/python3.8/site-packages:${PYTHONPATH} /usr/bin/python3 setup.py egg_info --egg-base ../../build/conveyor_package build --build-base /home/lagushka/KWORK/conveyor/ros2/conveyor/build/conveyor_package/build install --prefix /home/lagushka/KWORK/conveyor/ros2/conveyor/install/conveyor_package --record /home/lagushka/KWORK/conveyor/ros2/conveyor/build/conveyor_package/install.log --single-version-externally-managed
